INFO : query files in data11_hi.00193321.physics_MinBias.merge.NTUP_HI.f419_m1040
INFO : gathering files under /afs/cern.ch/user/t/tbalestr/public/17.2.2.2/MuonSkimming/DataPbPb2011
INFO : upload source files
INFO : all files are available at ANALY_BNL_ATLAS_1
INFO : use 233 files
INFO : submit 114 subjobs to ANALY_BNL_ATLAS_1
===================
 JobsetID  : 19752
 JobID  : 19753
 Status : 0
  > run
    PandaID=1828880607-1828880735

INFO : query files in data11_hi.00193295.physics_MinBias.merge.NTUP_HI.f419_m1040
INFO : gathering files under /afs/cern.ch/user/t/tbalestr/public/17.2.2.2/MuonSkimming/DataPbPb2011
INFO : upload source files
INFO : all files are available at ANALY_GOEGRID
INFO : use 23 files
INFO : submit 12 subjobs to ANALY_GOEGRID
===================
 JobsetID  : 19754
 JobID  : 19755
 Status : 0
  > run
    PandaID=1828880769-1828880780

INFO : query files in data11_hi.00193294.physics_MinBias.merge.NTUP_HI.f419_m1040
INFO : gathering files under /afs/cern.ch/user/t/tbalestr/public/17.2.2.2/MuonSkimming/DataPbPb2011
INFO : upload source files
INFO : all files are available at ANALY_IN2P3-CC-T2
INFO : use 26 files
INFO : submit 13 subjobs to ANALY_IN2P3-CC-T2
===================
 JobsetID  : 19756
 JobID  : 19757
 Status : 0
  > run
    PandaID=1828880958-1828880976

INFO : query files in data11_hi.00193291.physics_MinBias.merge.NTUP_HI.f419_m1040
INFO : gathering files under /afs/cern.ch/user/t/tbalestr/public/17.2.2.2/MuonSkimming/DataPbPb2011
INFO : upload source files
INFO : all files are available at ANALY_IN2P3-CC-T2
INFO : use 165 files
INFO : submit 79 subjobs to ANALY_IN2P3-CC-T2
===================
 JobsetID  : 19758
 JobID  : 19759
 Status : 0
  > run
    PandaID=1828881442-1828881525

INFO : query files in data11_hi.00193270.physics_MinBias.merge.NTUP_HI.f419_m1040
INFO : gathering files under /afs/cern.ch/user/t/tbalestr/public/17.2.2.2/MuonSkimming/DataPbPb2011
INFO : upload source files
INFO : all files are available at ANALY_BNL_ATLAS_1
INFO : use 210 files
INFO : submit 96 subjobs to ANALY_BNL_ATLAS_1
===================
 JobsetID  : 19760
 JobID  : 19761
 Status : 0
  > run
    PandaID=1828882064-1828882162

INFO : query files in data11_hi.00193546.physics_MinBias.merge.NTUP_HI.f419_m1040
INFO : gathering files under /afs/cern.ch/user/t/tbalestr/public/17.2.2.2/MuonSkimming/DataPbPb2011
INFO : upload source files
INFO : all files are available at ANALY_BNL_ATLAS_1
INFO : use 219 files
INFO : submit 103 subjobs to ANALY_BNL_ATLAS_1
===================
 JobsetID  : 19762
 JobID  : 19763
 Status : 0
  > run
    PandaID=1828882460-1828882732

INFO : query files in data11_hi.00193463.physics_MinBias.merge.NTUP_HI.f419_m1040
INFO : gathering files under /afs/cern.ch/user/t/tbalestr/public/17.2.2.2/MuonSkimming/DataPbPb2011
INFO : upload source files
INFO : all files are available at ANALY_FZK
INFO : use 171 files
INFO : submit 80 subjobs to ANALY_FZK
===================
 JobsetID  : 19764
 JobID  : 19765
 Status : 0
  > run
    PandaID=1828883838-1828883926

INFO : query files in data11_hi.00193447.physics_MinBias.merge.NTUP_HI.f421_m1045
INFO : gathering files under /afs/cern.ch/user/t/tbalestr/public/17.2.2.2/MuonSkimming/DataPbPb2011
INFO : upload source files
INFO : all files are available at ANALY_BNL_ATLAS_1
INFO : use 174 files
INFO : submit 82 subjobs to ANALY_BNL_ATLAS_1
===================
 JobsetID  : 19766
 JobID  : 19767
 Status : 0
  > run
    PandaID=1828884218-1828884301

INFO : query files in data11_hi.00193412.physics_MinBias.merge.NTUP_HI.f421_m1045
INFO : gathering files under /afs/cern.ch/user/t/tbalestr/public/17.2.2.2/MuonSkimming/DataPbPb2011
INFO : upload source files
INFO : all files are available at ANALY_BNL_ATLAS_1
INFO : use 239 files
INFO : submit 114 subjobs to ANALY_BNL_ATLAS_1
===================
 JobsetID  : 19768
 JobID  : 19769
 Status : 0
  > run
    PandaID=1828884835-1828885046

INFO : query files in data11_hi.00193411.physics_MinBias.merge.NTUP_HI.f421_m1045
INFO : gathering files under /afs/cern.ch/user/t/tbalestr/public/17.2.2.2/MuonSkimming/DataPbPb2011
INFO : upload source files
INFO : all files are available at ANALY_BNL_ATLAS_1
INFO : use 26 files
INFO : submit 12 subjobs to ANALY_BNL_ATLAS_1
===================
 JobsetID  : 19770
 JobID  : 19771
 Status : 0
  > run
    PandaID=1828885419-1828885436

INFO : query files in data11_hi.00193403.physics_MinBias.merge.NTUP_HI.f421_m1045
INFO : gathering files under /afs/cern.ch/user/t/tbalestr/public/17.2.2.2/MuonSkimming/DataPbPb2011
INFO : upload source files
INFO : all files are available at ANALY_IN2P3-CC
INFO : use 300 files
INFO : submit 147 subjobs to ANALY_IN2P3-CC
===================
 JobsetID  : 19772
 JobID  : 19773
 Status : 0
  > run
    PandaID=1828886064-1828886329

INFO : query files in data11_hi.00193402.physics_MinBias.merge.NTUP_HI.f421_m1045
INFO : gathering files under /afs/cern.ch/user/t/tbalestr/public/17.2.2.2/MuonSkimming/DataPbPb2011
INFO : upload source files
INFO : all files are available at ANALY_BNL_ATLAS_1
INFO : use 21 files
INFO : submit 10 subjobs to ANALY_BNL_ATLAS_1
===================
 JobsetID  : 19774
 JobID  : 19775
 Status : 0
  > run
    PandaID=1828887199-1828887219

INFO : query files in data11_hi.00193604.physics_MinBias.merge.NTUP_HI.f424_m1059
INFO : gathering files under /afs/cern.ch/user/t/tbalestr/public/17.2.2.2/MuonSkimming/DataPbPb2011
INFO : upload source files
INFO : all files are available at ANALY_BNL_ATLAS_1
INFO : use 237 files
INFO : submit 118 subjobs to ANALY_BNL_ATLAS_1
===================
 JobsetID  : 19776
 JobID  : 19777
 Status : 0
  > run
    PandaID=1828887746-1828887992

INFO : query files in data11_hi.00193641.physics_MinBias.merge.NTUP_HI.f424_m1059
INFO : gathering files under /afs/cern.ch/user/t/tbalestr/public/17.2.2.2/MuonSkimming/DataPbPb2011
INFO : upload source files
INFO : all files are available at ANALY_BNL_ATLAS_1
INFO : use 66 files
INFO : submit 33 subjobs to ANALY_BNL_ATLAS_1
===================
 JobsetID  : 19778
 JobID  : 19779
 Status : 0
  > run
    PandaID=1828888700-1828888762

INFO : query files in data11_hi.00193687.physics_MinBias.merge.NTUP_HI.f424_m1059
INFO : gathering files under /afs/cern.ch/user/t/tbalestr/public/17.2.2.2/MuonSkimming/DataPbPb2011
INFO : upload source files
INFO : all files are available at ANALY_IN2P3-CC-T2
INFO : use 5 files
INFO : submit 3 subjobs to ANALY_IN2P3-CC-T2
===================
 JobsetID  : 19780
 JobID  : 19781
 Status : 0
  > run
    PandaID=1828888881-1828888883

INFO : query files in data11_hi.00193718.physics_MinBias.merge.NTUP_HI.f424_m1059
INFO : gathering files under /afs/cern.ch/user/t/tbalestr/public/17.2.2.2/MuonSkimming/DataPbPb2011
INFO : upload source files
INFO : all files are available at ANALY_LONG_BNL_ATLAS
INFO : use 140 files
INFO : submit 70 subjobs to ANALY_LONG_BNL_ATLAS
===================
 JobsetID  : 19782
 JobID  : 19783
 Status : 0
  > run
    PandaID=1828889402-1828889482

INFO : query files in data11_hi.00193823.physics_MinBias.merge.NTUP_HI.f424_m1059
INFO : gathering files under /afs/cern.ch/user/t/tbalestr/public/17.2.2.2/MuonSkimming/DataPbPb2011
INFO : upload source files
INFO : all files are available at ANALY_RAL_XROOTD
INFO : use 10 files
INFO : submit 5 subjobs to ANALY_RAL_XROOTD
===================
 JobsetID  : 19784
 JobID  : 19785
 Status : 0
  > run
    PandaID=1828889578-1828889582

INFO : query files in data11_hi.00194060.physics_MinBias.merge.NTUP_HI.f422_m1050
INFO : gathering files under /afs/cern.ch/user/t/tbalestr/public/17.2.2.2/MuonSkimming/DataPbPb2011
INFO : upload source files
INFO : all files are available at ANALY_LONG_BNL_ATLAS
INFO : use 183 files
INFO : submit 88 subjobs to ANALY_LONG_BNL_ATLAS
===================
 JobsetID  : 19786
 JobID  : 19787
 Status : 0
  > run
    PandaID=1828889903-1828890010

INFO : query files in data11_hi.00194121.physics_MinBias.merge.NTUP_HI.f424_m1059
INFO : gathering files under /afs/cern.ch/user/t/tbalestr/public/17.2.2.2/MuonSkimming/DataPbPb2011
INFO : upload source files
INFO : all files are available at ANALY_INFN-T1
INFO : use 376 files
INFO : submit 183 subjobs to ANALY_INFN-T1
===================
 JobsetID  : 19788
 JobID  : 19789
 Status : 0
  > run
    PandaID=1828890094-1828890519

INFO : query files in data11_hi.00194179.physics_MinBias.merge.NTUP_HI.f424_m1059
INFO : gathering files under /afs/cern.ch/user/t/tbalestr/public/17.2.2.2/MuonSkimming/DataPbPb2011
INFO : upload source files
INFO : all files are available at ANALY_IN2P3-CC-T2
INFO : use 120 files
INFO : submit 60 subjobs to ANALY_IN2P3-CC-T2
===================
 JobsetID  : 19790
 JobID  : 19791
 Status : 0
  > run
    PandaID=1828891030-1828891100

INFO : query files in data11_hi.00194192.physics_MinBias.merge.NTUP_HI.f424_m1059
INFO : gathering files under /afs/cern.ch/user/t/tbalestr/public/17.2.2.2/MuonSkimming/DataPbPb2011
INFO : upload source files
INFO : all files are available at ANALY_BNL_ATLAS_1
INFO : use 263 files
INFO : submit 126 subjobs to ANALY_BNL_ATLAS_1
===================
 JobsetID  : 19792
 JobID  : 19793
 Status : 0
  > run
    PandaID=1828891127-1828891257

INFO : query files in data11_hi.00194193.physics_MinBias.merge.NTUP_HI.f424_m1059
INFO : gathering files under /afs/cern.ch/user/t/tbalestr/public/17.2.2.2/MuonSkimming/DataPbPb2011
INFO : upload source files
INFO : all files are available at ANALY_BNL_ATLAS_1
INFO : use 316 files
INFO : submit 148 subjobs to ANALY_BNL_ATLAS_1
===================
 JobsetID  : 19794
 JobID  : 19795
 Status : 0
  > run
    PandaID=1828891630-1828892002

INFO : query files in data11_hi.00194382.physics_MinBias.merge.NTUP_HI.f424_m1059
INFO : gathering files under /afs/cern.ch/user/t/tbalestr/public/17.2.2.2/MuonSkimming/DataPbPb2011
INFO : upload source files
INFO : all files are available at ANALY_FZK
INFO : use 46 files
INFO : submit 22 subjobs to ANALY_FZK
===================
 JobsetID  : 19796
 JobID  : 19797
 Status : 0
  > run
    PandaID=1828892503-1828892525

INFO : query files in data11_hi.00194374.physics_MinBias.merge.NTUP_HI.f424_m1059
INFO : gathering files under /afs/cern.ch/user/t/tbalestr/public/17.2.2.2/MuonSkimming/DataPbPb2011
INFO : upload source files
INFO : all files are available at ANALY_LONG_BNL_ATLAS
INFO : use 22 files
INFO : submit 10 subjobs to ANALY_LONG_BNL_ATLAS
===================
 JobsetID  : 19798
 JobID  : 19799
 Status : 0
  > run
    PandaID=1828892894-1828892918

INFO : query files in data11_hi.00194370.physics_MinBias.merge.NTUP_HI.f424_m1059
INFO : gathering files under /afs/cern.ch/user/t/tbalestr/public/17.2.2.2/MuonSkimming/DataPbPb2011
INFO : upload source files
INFO : all files are available at ANALY_LONG_BNL_ATLAS
INFO : use 58 files
INFO : submit 27 subjobs to ANALY_LONG_BNL_ATLAS
===================
 JobsetID  : 19800
 JobID  : 19801
 Status : 0
  > run
    PandaID=1828893427-1828893500

INFO : query files in data11_hi.00194287.physics_MinBias.merge.NTUP_HI.f424_m1059
INFO : gathering files under /afs/cern.ch/user/t/tbalestr/public/17.2.2.2/MuonSkimming/DataPbPb2011
INFO : upload source files
INFO : all files are available at ANALY_LONG_BNL_ATLAS
INFO : use 323 files
INFO : submit 156 subjobs to ANALY_LONG_BNL_ATLAS
===================
 JobsetID  : 19802
 JobID  : 19803
 Status : 0
  > run
    PandaID=1828893898-1828894061

INFO : query files in data11_hi.00194163.physics_MinBias.merge.NTUP_HI.f424_m1059
INFO : gathering files under /afs/cern.ch/user/t/tbalestr/public/17.2.2.2/MuonSkimming/DataPbPb2011
INFO : upload source files
INFO : all files are available at ANALY_PIC
INFO : use 343 files
INFO : submit 169 subjobs to ANALY_PIC
===================
 JobsetID  : 19804
 JobID  : 19805
 Status : 0
  > run
    PandaID=1828894157-1828894458

INFO : query files in data11_hi.00194160.physics_MinBias.merge.NTUP_HI.f424_m1059
INFO : gathering files under /afs/cern.ch/user/t/tbalestr/public/17.2.2.2/MuonSkimming/DataPbPb2011
INFO : upload source files
INFO : all files are available at ANALY_IN2P3-CC-T2
INFO : use 165 files
INFO : submit 82 subjobs to ANALY_IN2P3-CC-T2
===================
 JobsetID  : 19806
 JobID  : 19807
 Status : 0
  > run
    PandaID=1828894860-1828895044

INFO : query files in data11_hi.00194079.physics_MinBias.merge.NTUP_HI.f424_m1059
INFO : gathering files under /afs/cern.ch/user/t/tbalestr/public/17.2.2.2/MuonSkimming/DataPbPb2011
INFO : upload source files
INFO : all files are available at ANALY_INFN-T1
INFO : use 143 files
INFO : submit 71 subjobs to ANALY_INFN-T1
===================
 JobsetID  : 19808
 JobID  : 19809
 Status : 0
  > run
    PandaID=1828895354-1828895478

INFO : query files in data11_hi.00194061.physics_MinBias.merge.NTUP_HI.f424_m1059
INFO : gathering files under /afs/cern.ch/user/t/tbalestr/public/17.2.2.2/MuonSkimming/DataPbPb2011
INFO : upload source files
INFO : all files are available at ANALY_LONG_BNL_ATLAS
INFO : use 206 files
INFO : submit 102 subjobs to ANALY_LONG_BNL_ATLAS
===================
 JobsetID  : 19810
 JobID  : 19811
 Status : 0
  > run
    PandaID=1828895511-1828895616

INFO : query files in data11_hi.00194017.physics_MinBias.merge.NTUP_HI.f424_m1059
INFO : gathering files under /afs/cern.ch/user/t/tbalestr/public/17.2.2.2/MuonSkimming/DataPbPb2011
INFO : upload source files
INFO : all files are available at ANALY_LONG_BNL_ATLAS
INFO : use 161 files
INFO : submit 81 subjobs to ANALY_LONG_BNL_ATLAS
===================
 JobsetID  : 19812
 JobID  : 19813
 Status : 0
  > run
    PandaID=1828895639-1828895723

INFO : query files in data11_hi.00193834.physics_MinBias.merge.NTUP_HI.f424_m1059
INFO : gathering files under /afs/cern.ch/user/t/tbalestr/public/17.2.2.2/MuonSkimming/DataPbPb2011
INFO : upload source files
INFO : all files are available at ANALY_IN2P3-CC-T2
INFO : use 217 files
INFO : submit 109 subjobs to ANALY_IN2P3-CC-T2
===================
 JobsetID  : 19814
 JobID  : 19815
 Status : 0
  > run
    PandaID=1828895947-1828896102

INFO : query files in data11_hi.00193826.physics_MinBias.merge.NTUP_HI.f424_m1059
INFO : gathering files under /afs/cern.ch/user/t/tbalestr/public/17.2.2.2/MuonSkimming/DataPbPb2011
INFO : upload source files
INFO : all files are available at ANALY_LIV
INFO : use 181 files
INFO : submit 90 subjobs to ANALY_LIV
===================
 JobsetID  : 19816
 JobID  : 19817
 Status : 0
  > run
    PandaID=1828896345-1828896439

INFO : query files in data11_hi.00193825.physics_MinBias.merge.NTUP_HI.f422_m1050
INFO : gathering files under /afs/cern.ch/user/t/tbalestr/public/17.2.2.2/MuonSkimming/DataPbPb2011
INFO : upload source files
INFO : all files are available at ANALY_INFN-T1
INFO : use 197 files
INFO : submit 95 subjobs to ANALY_INFN-T1
===================
 JobsetID  : 19818
 JobID  : 19819
 Status : 0
  > run
    PandaID=1828896569-1828896721

INFO : query files in data11_hi.00193599.physics_MinBias.merge.NTUP_HI.f424_m1059
INFO : gathering files under /afs/cern.ch/user/t/tbalestr/public/17.2.2.2/MuonSkimming/DataPbPb2011
INFO : upload source files
INFO : all files are available at ANALY_PIC
INFO : use 7 files
INFO : submit 3 subjobs to ANALY_PIC
===================
 JobsetID  : 19820
 JobID  : 19821
 Status : 0
  > run
    PandaID=1828897019-1828897023

INFO : query files in data11_hi.00193558.physics_MinBias.merge.NTUP_HI.f424_m1059
INFO : gathering files under /afs/cern.ch/user/t/tbalestr/public/17.2.2.2/MuonSkimming/DataPbPb2011
INFO : upload source files
INFO : all files are available at ANALY_RHUL
INFO : use 121 files
INFO : submit 58 subjobs to ANALY_RHUL
===================
 JobsetID  : 19822
 JobID  : 19823
 Status : 0
  > run
    PandaID=1828897110-1828897170

INFO : query files in data11_hi.00193662.physics_MinBias.merge.NTUP_HI.f421_m1045
INFO : gathering files under /afs/cern.ch/user/t/tbalestr/public/17.2.2.2/MuonSkimming/DataPbPb2011
INFO : upload source files
INFO : all files are available at ANALY_RAL_XROOTD
INFO : use 151 files
INFO : submit 71 subjobs to ANALY_RAL_XROOTD
===================
 JobsetID  : 19824
 JobID  : 19825
 Status : 0
  > run
    PandaID=1828897229-1828897307

INFO : query files in data11_hi.00193679.physics_MinBias.merge.NTUP_HI.f421_m1045
INFO : gathering files under /afs/cern.ch/user/t/tbalestr/public/17.2.2.2/MuonSkimming/DataPbPb2011
INFO : upload source files
INFO : all files are available at ANALY_IN2P3-CC-T2
INFO : use 216 files
INFO : submit 102 subjobs to ANALY_IN2P3-CC-T2
===================
 JobsetID  : 19826
 JobID  : 19827
 Status : 0
  > run
    PandaID=1828897326-1828897431

INFO : query files in data11_hi.00193890.physics_MinBias.merge.NTUP_HI.f422_m1050
INFO : gathering files under /afs/cern.ch/user/t/tbalestr/public/17.2.2.2/MuonSkimming/DataPbPb2011
INFO : upload source files
INFO : all files are available at ANALY_INFN-T1
INFO : use 30 files
INFO : submit 13 subjobs to ANALY_INFN-T1
===================
 JobsetID  : 19828
 JobID  : 19829
 Status : 0
  > run
    PandaID=1828897727-1828897753

INFO : query files in data11_hi.00193481.physics_MinBias.merge.NTUP_HI.f424_m1059
INFO : gathering files under /afs/cern.ch/user/t/tbalestr/public/17.2.2.2/MuonSkimming/DataPbPb2011
INFO : upload source files
INFO : all files are available at ANALY_IN2P3-CC-T2
INFO : use 244 files
INFO : submit 119 subjobs to ANALY_IN2P3-CC-T2
===================
 JobsetID  : 19830
 JobID  : 19831
 Status : 0
  > run
    PandaID=1828898041-1828898168

INFO : query files in data11_hi.00193491.physics_MinBias.merge.NTUP_HI.f424_m1059
INFO : gathering files under /afs/cern.ch/user/t/tbalestr/public/17.2.2.2/MuonSkimming/DataPbPb2011
INFO : upload source files
INFO : all files are available at ANALY_ECDF
INFO : use 82 files
INFO : submit 38 subjobs to ANALY_ECDF
===================
 JobsetID  : 19832
 JobID  : 19833
 Status : 0
  > run
    PandaID=1828898188-1828898230

INFO : query files in data11_hi.00193492.physics_MinBias.merge.NTUP_HI.f421_m1045
INFO : gathering files under /afs/cern.ch/user/t/tbalestr/public/17.2.2.2/MuonSkimming/DataPbPb2011
INFO : upload source files
INFO : all files are available at ANALY_ECDF
INFO : use 3 files
INFO : submit 2 subjobs to ANALY_ECDF
===================
 JobsetID  : 19834
 JobID  : 19835
 Status : 0
  > run
    PandaID=1828898276-1828898277

INFO : query files in data11_hi.00193493.physics_MinBias.merge.NTUP_HI.f421_m1045
INFO : gathering files under /afs/cern.ch/user/t/tbalestr/public/17.2.2.2/MuonSkimming/DataPbPb2011
INFO : upload source files
INFO : all files are available at ANALY_SFU_bugaboo
INFO : use 59 files
INFO : submit 29 subjobs to ANALY_SFU_bugaboo
===================
 JobsetID  : 19836
 JobID  : 19837
 Status : 0
  > run
    PandaID=1828898292-1828898324

INFO : query files in data11_hi.00193494.physics_MinBias.merge.NTUP_HI.f421_m1045
INFO : gathering files under /afs/cern.ch/user/t/tbalestr/public/17.2.2.2/MuonSkimming/DataPbPb2011
INFO : upload source files
INFO : all files are available at ANALY_IN2P3-CC-T2
INFO : use 57 files
INFO : submit 28 subjobs to ANALY_IN2P3-CC-T2
===================
 JobsetID  : 19838
 JobID  : 19839
 Status : 0
  > run
    PandaID=1828898408-1828898468

INFO : query files in data11_hi.00193655.physics_MinBias.merge.NTUP_HI.f421_m1045
INFO : gathering files under /afs/cern.ch/user/t/tbalestr/public/17.2.2.2/MuonSkimming/DataPbPb2011
INFO : upload source files
INFO : all files are available at ANALY_LONG_BNL_ATLAS
INFO : use 132 files
INFO : submit 62 subjobs to ANALY_LONG_BNL_ATLAS
===================
 JobsetID  : 19840
 JobID  : 19841
 Status : 0
  > run
    PandaID=1828899121-1828899274

INFO : query files in data11_hi.00193795.physics_MinBias.merge.NTUP_HI.f421_m1045
INFO : gathering files under /afs/cern.ch/user/t/tbalestr/public/17.2.2.2/MuonSkimming/DataPbPb2011
INFO : upload source files
INFO : all files are available at ANALY_SFU_bugaboo
INFO : use 179 files
INFO : submit 85 subjobs to ANALY_SFU_bugaboo
===================
 JobsetID  : 19842
 JobID  : 19843
 Status : 0
  > run
    PandaID=1828899724-1828899897

INFO : query files in data11_hi.00193211.physics_MinBias.merge.NTUP_HI.f418_m1035
INFO : gathering files under /afs/cern.ch/user/t/tbalestr/public/17.2.2.2/MuonSkimming/DataPbPb2011
INFO : upload source files
INFO : all files are available at ANALY_SFU_bugaboo
INFO : use 40 files
INFO : submit 19 subjobs to ANALY_SFU_bugaboo
===================
 JobsetID  : 19844
 JobID  : 19845
 Status : 0
  > run
    PandaID=1828900327-1828900354

